
> Configure project :app
WARNING: The option setting 'android.overridePathCheck=true' is experimental.
The current default is 'false'.

> Task :app:preBuild UP-TO-DATE
> Task :app:preDebugBuild UP-TO-DATE
> Task :app:mergeDebugNativeDebugMetadata NO-SOURCE
> Task :app:checkKotlinGradlePluginConfigurationErrors SKIPPED
> Task :app:checkDebugAarMetadata UP-TO-DATE
> Task :app:generateDebugResValues UP-TO-DATE
> Task :app:mapDebugSourceSetPaths UP-TO-DATE
> Task :app:generateDebugResources UP-TO-DATE
> Task :app:mergeDebugResources UP-TO-DATE
> Task :app:packageDebugResources UP-TO-DATE
> Task :app:parseDebugLocalResources UP-TO-DATE
> Task :app:createDebugCompatibleScreenManifests UP-TO-DATE
> Task :app:extractDeepLinksDebug UP-TO-DATE
> Task :app:processDebugMainManifest
> Task :app:processDebugManifest
> Task :app:javaPreCompileDebug UP-TO-DATE
> Task :app:mergeDebugShaders UP-TO-DATE
> Task :app:compileDebugShaders NO-SOURCE
> Task :app:generateDebugAssets UP-TO-DATE
> Task :app:mergeDebugAssets UP-TO-DATE
> Task :app:compressDebugAssets UP-TO-DATE
> Task :app:checkDebugDuplicateClasses UP-TO-DATE
> Task :app:desugarDebugFileDependencies UP-TO-DATE
> Task :app:mergeExtDexDebug UP-TO-DATE
> Task :app:mergeLibDexDebug UP-TO-DATE
> Task :app:mergeDebugJniLibFolders UP-TO-DATE
> Task :app:mergeDebugNativeLibs UP-TO-DATE
> Task :app:stripDebugDebugSymbols UP-TO-DATE
> Task :app:validateSigningDebug UP-TO-DATE
> Task :app:writeDebugAppMetadata UP-TO-DATE
> Task :app:writeDebugSigningConfigVersions UP-TO-DATE
> Task :app:processDebugManifestForPackage
> Task :app:processDebugResources

> Task :app:compileDebugKotlin FAILED
e: file:///C:/Users/simon/Videos/JUNA/app/src/main/java/bea/l8tenever/com/MainActivity.kt:176:9 Syntax error: Expecting a top level declaration.
e: file:///C:/Users/simon/Videos/JUNA/app/src/main/java/bea/l8tenever/com/MainActivity.kt:176:12 Syntax error: Expecting a top level declaration.
e: file:///C:/Users/simon/Videos/JUNA/app/src/main/java/bea/l8tenever/com/MainActivity.kt:176:13 Syntax error: Expecting a top level declaration.
e: file:///C:/Users/simon/Videos/JUNA/app/src/main/java/bea/l8tenever/com/MainActivity.kt:176:22 Syntax error: Expecting a top level declaration.
e: file:///C:/Users/simon/Videos/JUNA/app/src/main/java/bea/l8tenever/com/MainActivity.kt:176:24 Syntax error: Expecting a top level declaration.
e: file:///C:/Users/simon/Videos/JUNA/app/src/main/java/bea/l8tenever/com/MainActivity.kt:176:32 Syntax error: Expecting a top level declaration.
e: file:///C:/Users/simon/Videos/JUNA/app/src/main/java/bea/l8tenever/com/MainActivity.kt:176:33 Syntax error: Expecting a top level declaration.
e: file:///C:/Users/simon/Videos/JUNA/app/src/main/java/bea/l8tenever/com/MainActivity.kt:176:44 Syntax error: Expecting a top level declaration.
e: file:///C:/Users/simon/Videos/JUNA/app/src/main/java/bea/l8tenever/com/MainActivity.kt:176:45 Syntax error: Expecting a top level declaration.
e: file:///C:/Users/simon/Videos/JUNA/app/src/main/java/bea/l8tenever/com/MainActivity.kt:176:46 Syntax error: Expecting a top level declaration.
e: file:///C:/Users/simon/Videos/JUNA/app/src/main/java/bea/l8tenever/com/MainActivity.kt:176:47 Syntax error: Expecting a top level declaration.
e: file:///C:/Users/simon/Videos/JUNA/app/src/main/java/bea/l8tenever/com/MainActivity.kt:176:54 Syntax error: Expecting a top level declaration.
e: file:///C:/Users/simon/Videos/JUNA/app/src/main/java/bea/l8tenever/com/MainActivity.kt:176:55 Syntax error: Expecting a top level declaration.
e: file:///C:/Users/simon/Videos/JUNA/app/src/main/java/bea/l8tenever/com/MainActivity.kt:176:62 Syntax error: Expecting a top level declaration.
e: file:///C:/Users/simon/Videos/JUNA/app/src/main/java/bea/l8tenever/com/MainActivity.kt:176:64 Syntax error: Expecting a top level declaration.
e: file:///C:/Users/simon/Videos/JUNA/app/src/main/java/bea/l8tenever/com/MainActivity.kt:176:66 Syntax error: Expecting a top level declaration.
e: file:///C:/Users/simon/Videos/JUNA/app/src/main/java/bea/l8tenever/com/MainActivity.kt:176:67 Syntax error: Expecting a top level declaration.
e: file:///C:/Users/simon/Videos/JUNA/app/src/main/java/bea/l8tenever/com/MainActivity.kt:176:69 Syntax error: Expecting a top level declaration.
e: file:///C:/Users/simon/Videos/JUNA/app/src/main/java/bea/l8tenever/com/MainActivity.kt:176:70 Syntax error: Expecting a top level declaration.
e: file:///C:/Users/simon/Videos/JUNA/app/src/main/java/bea/l8tenever/com/MainActivity.kt:176:72 Syntax error: Expecting a top level declaration.
e: file:///C:/Users/simon/Videos/JUNA/app/src/main/java/bea/l8tenever/com/MainActivity.kt:176:89 Syntax error: Expecting a top level declaration.
e: file:///C:/Users/simon/Videos/JUNA/app/src/main/java/bea/l8tenever/com/MainActivity.kt:176:91 Syntax error: Expecting a top level declaration.
e: file:///C:/Users/simon/Videos/JUNA/app/src/main/java/bea/l8tenever/com/MainActivity.kt:176:100 Syntax error: Expecting a top level declaration.
e: file:///C:/Users/simon/Videos/JUNA/app/src/main/java/bea/l8tenever/com/MainActivity.kt:176:101 Syntax error: Expecting a top level declaration.
e: file:///C:/Users/simon/Videos/JUNA/app/src/main/java/bea/l8tenever/com/MainActivity.kt:176:113 Syntax error: Expecting a top level declaration.
e: file:///C:/Users/simon/Videos/JUNA/app/src/main/java/bea/l8tenever/com/MainActivity.kt:176:115 Syntax error: Expecting a top level declaration.
e: file:///C:/Users/simon/Videos/JUNA/app/src/main/java/bea/l8tenever/com/MainActivity.kt:176:115 Functions which invoke @Composable functions must be marked with the @Composable annotation
e: file:///C:/Users/simon/Videos/JUNA/app/src/main/java/bea/l8tenever/com/MainActivity.kt:176:115 Function declaration must have a name.
e: file:///C:/Users/simon/Videos/JUNA/app/src/main/java/bea/l8tenever/com/MainActivity.kt:177:13 @Composable invocations can only happen from the context of a @Composable function
e: file:///C:/Users/simon/Videos/JUNA/app/src/main/java/bea/l8tenever/com/MainActivity.kt:178:27 Unresolved reference 'state'.
e: file:///C:/Users/simon/Videos/JUNA/app/src/main/java/bea/l8tenever/com/MainActivity.kt:182:17 Unresolved reference 'state'.
e: file:///C:/Users/simon/Videos/JUNA/app/src/main/java/bea/l8tenever/com/MainActivity.kt:182:35 Cannot infer type for this parameter. Please specify it explicitly.
e: file:///C:/Users/simon/Videos/JUNA/app/src/main/java/bea/l8tenever/com/MainActivity.kt:182:41 Cannot infer type for this parameter. Please specify it explicitly.
e: file:///C:/Users/simon/Videos/JUNA/app/src/main/java/bea/l8tenever/com/MainActivity.kt:183:21 @Composable invocations can only happen from the context of a @Composable function
e: file:///C:/Users/simon/Videos/JUNA/app/src/main/java/bea/l8tenever/com/MainActivity.kt:185:47 @Composable invocations can only happen from the context of a @Composable function
e: file:///C:/Users/simon/Videos/JUNA/app/src/main/java/bea/l8tenever/com/MainActivity.kt:185:75 Unresolved reference 'Color'.
e: file:///C:/Users/simon/Videos/JUNA/app/src/main/java/bea/l8tenever/com/MainActivity.kt:186:50 @Composable invocations can only happen from the context of a @Composable function
e: file:///C:/Users/simon/Videos/JUNA/app/src/main/java/bea/l8tenever/com/MainActivity.kt:198:40 Unresolved reference 'Color'.
e: file:///C:/Users/simon/Videos/JUNA/app/src/main/java/bea/l8tenever/com/MainActivity.kt:204:41 Unresolved reference 'Color'.
e: file:///C:/Users/simon/Videos/JUNA/app/src/main/java/bea/l8tenever/com/MainActivity.kt:214:9 Syntax error: Expecting a top level declaration.
e: file:///C:/Users/simon/Videos/JUNA/app/src/main/java/bea/l8tenever/com/MainActivity.kt:214:23 Syntax error: Expecting a top level declaration.
e: file:///C:/Users/simon/Videos/JUNA/app/src/main/java/bea/l8tenever/com/MainActivity.kt:214:24 Syntax error: Expecting a top level declaration.
e: file:///C:/Users/simon/Videos/JUNA/app/src/main/java/bea/l8tenever/com/MainActivity.kt:214:29 Syntax error: Expecting a top level declaration.
e: file:///C:/Users/simon/Videos/JUNA/app/src/main/java/bea/l8tenever/com/MainActivity.kt:214:30 Syntax error: Expecting a top level declaration.
e: file:///C:/Users/simon/Videos/JUNA/app/src/main/java/bea/l8tenever/com/MainActivity.kt:214:40 Syntax error: Expecting a top level declaration.
e: file:///C:/Users/simon/Videos/JUNA/app/src/main/java/bea/l8tenever/com/MainActivity.kt:214:42 Syntax error: Expecting a top level declaration.
e: file:///C:/Users/simon/Videos/JUNA/app/src/main/java/bea/l8tenever/com/MainActivity.kt:214:42 Function declaration must have a name.
e: file:///C:/Users/simon/Videos/JUNA/app/src/main/java/bea/l8tenever/com/MainActivity.kt:215:17 Unresolved reference 'state'.
e: file:///C:/Users/simon/Videos/JUNA/app/src/main/java/bea/l8tenever/com/MainActivity.kt:216:36 Suspend function 'suspend fun delay(timeMillis: Long): Unit' should be called only from a coroutine or another suspend function.
e: file:///C:/Users/simon/Videos/JUNA/app/src/main/java/bea/l8tenever/com/MainActivity.kt:217:17 Unresolved reference 'viewModel'.
e: file:///C:/Users/simon/Videos/JUNA/app/src/main/java/bea/l8tenever/com/MainActivity.kt:220:5 Syntax error: Expecting a top level declaration.
e: file:///C:/Users/simon/Videos/JUNA/app/src/main/java/bea/l8tenever/com/MainActivity.kt:221:1 Syntax error: Expecting a top level declaration.

FAILURE: Build failed with an exception.

* What went wrong:
Execution failed for task ':app:compileDebugKotlin'.
> A failure occurred while executing org.jetbrains.kotlin.compilerRunner.GradleCompilerRunnerWithWorkers$GradleKotlinCompilerWorkAction
   > Compilation error. See log for more details

* Try:
> Run with --stacktrace option to get the stack trace.
> Run with --info or --debug option to get more log output.
> Run with --scan to get full insights.
> Get more help at https://help.gradle.org.

BUILD FAILED in 26s
28 actionable tasks: 5 executed, 23 up-to-date
